C51 COMPILER V9.60.7.0   Q6C                                                               12/17/2023 07:38:05 PAGE 1   


C51 COMPILER V9.60.7.0, COMPILATION OF MODULE Q6C
OBJECT MODULE PLACED IN .\Objects\q6c.obj
COMPILER INVOKED BY: C:\Keil_v5\C51\BIN\C51.EXE q6c.c OPTIMIZE(8,SPEED) BROWSE DEBUG OBJECTEXTEND PRINT(.\Listings\q6c.l
                    -st) TABS(2) OBJECT(.\Objects\q6c.obj)

line level    source

   1          #include <reg51.h>
   2          
   3          #define NUMS 10
   4          #define BASE 0x60
   5          
   6          void delay() {
   7   1          unsigned char R7 = 7;
   8   1          unsigned char R6 = 1;
   9   1          unsigned char R1 = 2;
  10   1          
  11   1          do {
  12   2              do {
  13   3                  do {
  14   4                      R1--;
  15   4                  } while (R1 != 0);
  16   3                  R6--;
  17   3              } while (R6 != 0);
  18   2              R7--;
  19   2          } while (R7 != 0);
  20   1      }
  21          
  22          void main() {
  23   1          unsigned char R1, R2, R4;
  24   1          unsigned char A;
  25   1          unsigned char array[NUMS] = {0xA5, 0xFD, 0x67, 0x42, 0xDF, 0x9A, 0x84, 0x1B, 0xC7, 0x31};
  26   1          
  27   1          while (1) {
  28   2              for (R2 = NUMS - 1; R2 != 0xFF; R2--) {
  29   3                  A = R2;
  30   3                  R4 = A;
  31   3                  R1 = BASE;
  32   3                  
  33   3                  do {
  34   4                      A = array[R1 - BASE];
  35   4                      R1++;
  36   4                      A -= array[R1 - BASE];
  37   4                      
  38   4                      if (A >= 0x80) {
  39   5                          unsigned char temp = array[R1 - BASE];
  40   5                          array[R1 - BASE] = array[R1 - BASE - 1];
  41   5                          array[R1 - BASE - 1] = temp;
  42   5                          R1--;
  43   5                      }
  44   4                  } while (R4 != 0);
  45   3              }
  46   2              
  47   2              for (R1 = BASE; R1 < BASE + NUMS; R1++) {
  48   3                  P0 = R1;
  49   3                  delay();
  50   3              }
  51   2          }
  52   1      }


C51 COMPILER V9.60.7.0   Q6C                                                               12/17/2023 07:38:05 PAGE 2   

MODULE INFORMATION:   STATIC OVERLAYABLE
   CODE SIZE        =    121    ----
   CONSTANT SIZE    =     10    ----
   XDATA SIZE       =   ----    ----
   PDATA SIZE       =   ----    ----
   DATA SIZE        =   ----      12
   IDATA SIZE       =   ----    ----
   BIT SIZE         =   ----    ----
END OF MODULE INFORMATION.


C51 COMPILATION COMPLETE.  0 WARNING(S),  0 ERROR(S)
