C51 COMPILER V9.60.7.0   COUNTER9                                                          01/13/2024 15:21:05 PAGE 1   


C51 COMPILER V9.60.7.0, COMPILATION OF MODULE COUNTER9
OBJECT MODULE PLACED IN .\Objects\counter9.obj
COMPILER INVOKED BY: C:\Keil_v5\C51\BIN\C51.EXE counter9.c OPTIMIZE(8,SPEED) DEBUG OBJECTEXTEND PRINT(.\Listings\counter
                    -9.lst) TABS(2) OBJECT(.\Objects\counter9.obj)

line level    source

   1          #include <reg51.h>
   2          
   3          static unsigned char decimal_to_7seg[10] = {0x3f, 0x06, 0x5b, 0x4f, 0x66, 0x6d, 0x7d, 0x07, 0x7f, 0x6f};
   4          static unsigned char display_control_bits[4] = {0x08, 0x04, 0x02, 0x01};
   5          
   6          #define DELAY 30
   7          #define DELAY_DOUBLE 50
   8          
   9          void delay(unsigned long amount) {
  10   1        unsigned long i, j;
  11   1        for(i = 0; i < amount; ++i) {
  12   2          for(j = 0; j < 500; ++j);
  13   2        } 
  14   1      }
  15          
  16          unsigned char convert_to_bcd4(unsigned int n, unsigned char digits[4]) {
  17   1        unsigned char n_digits = 0;
  18   1        do {
  19   2          digits[n_digits++] = n % 10;
  20   2          n /= 10;
  21   2        } while (n > 0);
  22   1        
  23   1        return n_digits;
  24   1      }
  25          
  26          void display_number(unsigned int n) {
  27   1        unsigned int i, j, k;
  28   1        unsigned char digits[4], n_digits;
  29   1        
  30   1        n_digits = convert_to_bcd4(n, digits);
  31   1        
  32   1        for(i = 0; i < DELAY; ++i) {
  33   2          for(j = 0; j < 200; ++j) {
  34   3            for(k = 0; k < n_digits; ++k) {
  35   4              P0 = decimal_to_7seg[digits[k]];
  36   4              P2 = display_control_bits[k];
  37   4              P2 = 0;
  38   4            }
  39   3          }
  40   2        }
  41   1      }
  42          
  43          void main() {
  44   1        char counter = 0;
  45   1        
  46   1        P0 = 0x00;
  47   1        P2 = 0x00;
  48   1        while(1) {
  49   2          for(;counter < 10; ++counter) {
  50   3            display_number(counter);
  51   3          }
  52   2          counter -= 2;
  53   2          for(;counter >= 0; --counter) {
  54   3            display_number(counter);
C51 COMPILER V9.60.7.0   COUNTER9                                                          01/13/2024 15:21:05 PAGE 2   

  55   3          }
  56   2          counter += 2;
  57   2        }
  58   1      }


MODULE INFORMATION:   STATIC OVERLAYABLE
   CODE SIZE        =    325    ----
   CONSTANT SIZE    =   ----    ----
   XDATA SIZE       =   ----    ----
   PDATA SIZE       =   ----    ----
   DATA SIZE        =     14      23
   IDATA SIZE       =   ----    ----
   BIT SIZE         =   ----    ----
END OF MODULE INFORMATION.


C51 COMPILATION COMPLETE.  0 WARNING(S),  0 ERROR(S)
