C51 COMPILER V9.60.7.0   COUNTER9                                                          01/20/2024 14:34:45 PAGE 1   


C51 COMPILER V9.60.7.0, COMPILATION OF MODULE COUNTER9
OBJECT MODULE PLACED IN .\Objects\counter9.obj
COMPILER INVOKED BY: C:\Keil_v5\C51\BIN\C51.EXE counter9.c OPTIMIZE(8,SPEED) BROWSE DEBUG OBJECTEXTEND PRINT(.\Listings\
                    -counter9.lst) TABS(2) OBJECT(.\Objects\counter9.obj)

line level    source

   1          #include<reg51.h> 
   2          
   3          unsigned char d[] = {0xC0,0xF9,0xA4,0xB0,0x99,0x92,0x82,0xF8,0x7F,0x6F};
   4          
   5          void delay(int i){
   6   1        unsigned int j,k; 
   7   1        for(j=0;j<i;j++)
   8   1          for(k=0;k<1200;k++);
   9   1      }
  10          
  11          void main()
  12          {
  13   1        unsigned char i; 
  14   1        P2 = 0xFE;
  15   1        while(1){
  16   2          for(i=0;i<0x0A;i++)
  17   2          {
  18   3            P0=d[i];
  19   3            delay(2000);
  20   3          }
  21   2          for(i=8;i>0;i--)
  22   2          {
  23   3            P0=d[i];
  24   3            delay(2000);
  25   3          }
  26   2        }
  27   1      } 


MODULE INFORMATION:   STATIC OVERLAYABLE
   CODE SIZE        =     69    ----
   CONSTANT SIZE    =   ----    ----
   XDATA SIZE       =   ----    ----
   PDATA SIZE       =   ----    ----
   DATA SIZE        =     10    ----
   IDATA SIZE       =   ----    ----
   BIT SIZE         =   ----    ----
END OF MODULE INFORMATION.


C51 COMPILATION COMPLETE.  0 WARNING(S),  0 ERROR(S)
