A51 MACRO ASSEMBLER  Q2                                                                   12/15/2023 12:17:26 PAGE     1


MACRO ASSEMBLER A51 V8.2.7.0
OBJECT MODULE PLACED IN .\Objects\q2.obj
ASSEMBLER INVOKED BY: C:\Keil_v5\C51\BIN\A51.EXE q2.asm SET(SMALL) DEBUG PRINT(.\Listings\q2.lst) OBJECT(.\Objects\q2.ob
                      j) EP

LOC  OBJ            LINE     SOURCE

0000                   1                     ORG 00H
0000 746B              2     START:  MOV A, #6BH
0002 F580              3                     MOV P0, A
0004 1112              4                     CALL DELAY
0006 110E              5                     ACALL SW
0008 F580              6                     MOV P0, A
000A 1112              7                     ACALL DELAY
000C 80F2              8                     SJMP START
                       9     
000E 03               10     SW:             RR A
000F 03               11                     RR A
0010 03               12                     RR A
0011 03               13                     RR A
                      14                     
0012 7FFF             15     DELAY:  MOV R7, #255
0014 7EFF             16     HERE1:  MOV R6, #255
0016 7DFF             17     HERE2:  MOV R5, #255
0018 DDFE             18     HERE3:  DJNZ R5, HERE3
001A DEFC             19                     DJNZ R6, HERE3
001C DFFA             20                     DJNZ R7, HERE3
001E 22               21                     RET
                      22                     
                      23                     END
                                             
A51 MACRO ASSEMBLER  Q2                                                                   12/15/2023 12:17:26 PAGE     2

SYMBOL TABLE LISTING
------ ----- -------


N A M E             T Y P E  V A L U E   ATTRIBUTES

DELAY. . . . . . .  C ADDR   0012H   A   
HERE1. . . . . . .  C ADDR   0014H   A   
HERE2. . . . . . .  C ADDR   0016H   A   
HERE3. . . . . . .  C ADDR   0018H   A   
P0 . . . . . . . .  D ADDR   0080H   A   
START. . . . . . .  C ADDR   0000H   A   
SW . . . . . . . .  C ADDR   000EH   A   


REGISTER BANK(S) USED: 0 


ASSEMBLY COMPLETE.  0 WARNING(S), 0 ERROR(S)
